[2017-01-17 11:25:42.942] [INFO] normal - POST /v1_0/user/manager/register/?phone=18710498511&password=123456
[2017-01-17 11:25:43.512] [INFO] normal - POST /v1_0/user/manager/register/?phone=18710498511&password=123456
[2017-01-17 11:25:44.090] [INFO] normal - POST /v1_0/user/manager/register/?phone=18710498511&password=123456
[2017-01-17 11:25:44.658] [INFO] normal - POST /v1_0/user/manager/register/?phone=18710498511&password=123456
[2017-01-17 11:25:45.221] [INFO] normal - POST /v1_0/user/manager/register/?phone=18710498511&password=123456
[2017-01-17 11:25:45.830] [INFO] normal - POST /v1_0/user/manager/register/?phone=18710498511&password=123456
[2017-01-17 11:25:46.370] [INFO] normal - POST /v1_0/user/manager/register/?phone=18710498511&password=123456
[2017-01-17 11:25:46.902] [INFO] normal - POST /v1_0/user/manager/register/?phone=18710498511&password=123456
[2017-01-17 11:26:02.182] [ERROR] normal - POST /v1_0/user/managr/register/?phone=18710498511&password=123456
[2017-01-17 11:26:02.414] [ERROR] normal - POST /v1_0/user/managr/register/?phone=18710498511&password=123456
[2017-01-17 11:26:02.617] [ERROR] normal - POST /v1_0/user/managr/register/?phone=18710498511&password=123456
[2017-01-17 11:26:02.818] [ERROR] normal - POST /v1_0/user/managr/register/?phone=18710498511&password=123456
[2017-01-17 11:26:03.023] [ERROR] normal - POST /v1_0/user/managr/register/?phone=18710498511&password=123456
[2017-01-17 11:26:03.269] [ERROR] normal - POST /v1_0/user/managr/register/?phone=18710498511&password=123456
[2017-01-17 11:26:03.463] [ERROR] normal - POST /v1_0/user/managr/register/?phone=18710498511&password=123456
[2017-01-17 11:26:03.662] [ERROR] normal - POST /v1_0/user/managr/register/?phone=18710498511&password=123456
[2017-01-17 11:26:03.856] [ERROR] normal - POST /v1_0/user/managr/register/?phone=18710498511&password=123456
[2017-01-17 11:26:04.076] [ERROR] normal - POST /v1_0/user/managr/register/?phone=18710498511&password=123456
[2017-01-17 11:26:04.272] [ERROR] normal - POST /v1_0/user/managr/register/?phone=18710498511&password=123456
[2017-01-17 11:26:04.461] [ERROR] normal - POST /v1_0/user/managr/register/?phone=18710498511&password=123456
[2017-01-17 13:35:08.899] [INFO] normal - POST /v1_0/user/manager/register/?phone=18710498511&password=123456
[2017-01-17 13:35:20.958] [INFO] normal - GET /v1_0/user/manager/detail/?phone=18710498511
[2017-01-17 13:35:49.796] [INFO] normal - GET /v1_0/user/manager/detail/?phone=18710498511
[2017-01-17 17:40:23.114] [INFO] normal - POST /v1_0/user/customer/register/?phone=18710498511&password=123456
[2017-01-17 17:40:35.151] [INFO] normal - GET /v1_0/user/customer/login/?phone=18710498511&password=123456
[2017-01-17 17:40:40.450] [INFO] normal - GET /v1_0/user/customer/login/?phone=18710498511&password=1234567
[2017-01-17 17:40:45.014] [INFO] normal - GET /v1_0/user/customer/login/?phone=18710498512&password=1234567
[2017-01-17 17:40:51.025] [INFO] normal - GET /v1_0/user/customer/login/?phone=18710498511&password=123456
[2017-01-17 17:41:17.587] [INFO] normal - GET /v1_0/user/customer/login/?phone=18710498511&password=123456
[2017-01-17 17:41:19.425] [INFO] normal - GET /v1_0/user/customer/login/?phone=18710498511&password=123456
[2017-01-17 17:42:11.202] [INFO] normal - GET /v1_0/user/customer/login/?phone=18710498512&password=123456
[2017-01-17 17:42:23.387] [INFO] normal - POST /v1_0/user/customer/register/?phone=18710498512&password=123456
[2017-01-17 17:42:27.274] [INFO] normal - POST /v1_0/user/customer/register/?phone=18710498512&password=123456
[2017-01-17 17:42:28.864] [INFO] normal - POST /v1_0/user/customer/register/?phone=18710498512&password=123456
[2017-01-17 17:42:29.793] [INFO] normal - POST /v1_0/user/customer/register/?phone=18710498512&password=123456
[2017-01-17 17:42:36.237] [INFO] normal - GET /v1_0/user/customer/login/?phone=18710498512&password=123456
[2017-01-17 17:42:37.918] [INFO] normal - GET /v1_0/user/customer/login/?phone=18710498512&password=123456
[2017-01-17 17:42:41.241] [INFO] normal - GET /v1_0/user/customer/login/?phone=18710498512&password=1234567
[2017-01-17 17:42:42.258] [INFO] normal - GET /v1_0/user/customer/login/?phone=18710498512&password=1234567
[2017-01-17 17:42:46.190] [INFO] normal - GET /v1_0/user/customer/login/?phone=18710498511&password=1234567
[2017-01-17 17:42:47.740] [INFO] normal - GET /v1_0/user/customer/login/?phone=18710498511&password=1234567
[2017-01-17 17:43:15.442] [INFO] normal - GET /v1_0/user/customer/login/?phone=18710498511&password=1234567
[2017-01-17 17:43:16.670] [INFO] normal - GET /v1_0/user/customer/login/?phone=18710498511&password=1234567
[2017-01-17 17:43:20.796] [INFO] normal - GET /v1_0/user/customer/login/?phone=18710498511&password=123456
[2017-01-17 17:43:26.992] [INFO] normal - GET /v1_0/user/customer/login/?phone=18710498512&password=123456
[2017-01-17 17:43:28.165] [INFO] normal - GET /v1_0/user/customer/login/?phone=18710498512&password=123456
[2017-01-17 17:43:30.568] [INFO] normal - GET /v1_0/user/customer/login/?phone=18710498512&password=123456
[2017-01-17 17:44:12.443] [INFO] normal - GET /v1_0/user/customer/detail/?phone=18710498512
[2017-01-17 17:44:16.482] [INFO] normal - GET /v1_0/user/customer/detail/?phone=18710498511
[2017-01-17 17:44:25.487] [INFO] normal - GET /v1_0/user/customer/detail/?phone=18710498512
[2017-01-17 17:44:46.328] [INFO] normal - GET /v1_0/user/customer/detail/?phone=18710498512
[2017-01-17 17:44:54.512] [INFO] normal - GET /v1_0/user/customer/detail/?phone=18710498511
[2017-01-17 17:45:07.694] [INFO] normal - GET /v1_0/user/customer/detail/?phone=18710498512
