[2017-01-16 23:08:20.661] [INFO] normal - POST /v1_0/score/issue/?managerPhone=18710498511&customerPhone=18710498512&score=1000
[2017-01-16 23:09:40.579] [INFO] normal - POST /v1_0/score/issue/?managerPhone=18710498511&customerPhone=18710498512&score=1000
[2017-01-16 23:09:41.320] [INFO] normal - POST /v1_0/score/issue/?managerPhone=18710498511&customerPhone=18710498512&score=1000
[2017-01-16 23:09:42.081] [INFO] normal - POST /v1_0/score/issue/?managerPhone=18710498511&customerPhone=18710498512&score=1000
[2017-01-16 23:09:42.852] [INFO] normal - POST /v1_0/score/issue/?managerPhone=18710498511&customerPhone=18710498512&score=1000
[2017-01-16 23:09:46.753] [INFO] normal - POST /v1_0/score/issue/?managerPhone=18710498511&customerPhone=18710498512&score=1000
[2017-01-16 23:09:47.490] [INFO] normal - POST /v1_0/score/issue/?managerPhone=18710498511&customerPhone=18710498512&score=1000
[2017-01-16 23:09:48.238] [INFO] normal - POST /v1_0/score/issue/?managerPhone=18710498511&customerPhone=18710498512&score=1000
[2017-01-16 23:09:48.954] [INFO] normal - POST /v1_0/score/issue/?managerPhone=18710498511&customerPhone=18710498512&score=1000
[2017-01-16 23:09:49.776] [INFO] normal - POST /v1_0/score/issue/?managerPhone=18710498511&customerPhone=18710498512&score=1000
[2017-01-16 23:10:07.445] [ERROR] normal - POST /v1_0/score/isue/?managerPhone=18710498511&customerPhone=18710498512&score=1000
[2017-01-16 23:10:07.825] [ERROR] normal - POST /v1_0/score/isue/?managerPhone=18710498511&customerPhone=18710498512&score=1000
[2017-01-16 23:10:08.050] [ERROR] normal - POST /v1_0/score/isue/?managerPhone=18710498511&customerPhone=18710498512&score=1000
[2017-01-16 23:10:08.246] [ERROR] normal - POST /v1_0/score/isue/?managerPhone=18710498511&customerPhone=18710498512&score=1000
[2017-01-16 23:10:08.464] [ERROR] normal - POST /v1_0/score/isue/?managerPhone=18710498511&customerPhone=18710498512&score=1000
[2017-01-16 23:10:08.657] [ERROR] normal - POST /v1_0/score/isue/?managerPhone=18710498511&customerPhone=18710498512&score=1000
[2017-01-16 23:10:08.865] [ERROR] normal - POST /v1_0/score/isue/?managerPhone=18710498511&customerPhone=18710498512&score=1000
[2017-01-16 23:10:09.076] [ERROR] normal - POST /v1_0/score/isue/?managerPhone=18710498511&customerPhone=18710498512&score=1000
[2017-01-16 23:10:09.317] [ERROR] normal - POST /v1_0/score/isue/?managerPhone=18710498511&customerPhone=18710498512&score=1000
[2017-01-16 23:10:09.568] [ERROR] normal - POST /v1_0/score/isue/?managerPhone=18710498511&customerPhone=18710498512&score=1000
[2017-01-16 23:10:09.802] [ERROR] normal - POST /v1_0/score/isue/?managerPhone=18710498511&customerPhone=18710498512&score=1000
[2017-01-16 23:36:05.405] [INFO] normal - POST /v1_0/user/manager/register/?phone=18710498511&password=123456
[2017-01-16 23:36:24.627] [INFO] normal - POST /v1_0/user/customer/register/?phone=18710498512&password=123456
[2017-01-16 23:36:58.885] [INFO] normal - POST /v1_0/score/issue/?managerPhone=18710498511&customerPhone=18710498512&score=1000
[2017-01-16 23:37:44.839] [INFO] normal - GET /v1_0/transaction/detail?txHash=0xf80457b9c21c7e9e02a1c06260062ca8c063900f7638f9161b5f18d9a95ee3ca
[2017-01-16 23:37:55.623] [INFO] normal - GET /v1_0/transaction/detail?txHash=0xf80457b9c21c7e9e02a1c06260062ca8c063900f7638f9161b5f18d9a95ee3c
[2017-01-16 23:38:08.305] [INFO] normal - GET /v1_0/transaction/detail?txHash=0xf80457b9c21c7e9e02a1c06260062ca8c063900f7638f9161b5f18d9a95e
[2017-01-16 23:39:44.343] [INFO] normal - GET /v1_0/transaction/detail?txHash=0xf80457b9c21c7e9e02a1c06260062ca8c063900f7638f9161b5f18d9
[2017-01-16 23:45:21.965] [INFO] normal - POST /v1_0/user/manager/register/?phone=1&password=123456
[2017-01-16 23:45:39.997] [INFO] normal - POST /v1_0/user/customer/register/?phone=2&password=123456
[2017-01-16 23:45:52.288] [INFO] normal - POST /v1_0/score/issue/?managerPhone=1&customerPhone=2&score=1000
[2017-01-16 23:46:38.437] [INFO] normal - GET /v1_0/transaction/detail?txHash=0x9b0b007251090eb4ef35f8a067a3a136d1455de0ab60dcc828857efd86d93a99
[2017-01-16 23:47:39.192] [INFO] normal - GET /v1_0/transaction/detail?txHash=0x9b0b007251090eb4ef35f8a067a3a136d1455de0ab60dcc828857efd86d93a99
[2017-01-16 23:51:30.959] [INFO] normal - GET /v1_0/transaction/detail?txHash=0x9b0b007251090eb4ef35f8a067a3a136d1455de0ab60dcc828857efd86d93a9
[2017-01-16 23:51:51.820] [INFO] normal - GET /v1_0/transaction/detail?txHash=0x9b0b007251090eb4ef35f8a067a3a136d1455de0ab60dcc828857efd86
[2017-01-16 23:52:11.665] [INFO] normal - GET /v1_0/transaction/detail?txHash=0x9b0b007251090eb4ef35f8a067a3a136d1455de0ab60dcc828857e
[2017-01-17 00:03:50.906] [INFO] normal - POST /v1_0/user/manager/register/?phone=1&password=123456
[2017-01-17 00:04:00.372] [INFO] normal - POST /v1_0/user/customer/register/?phone=2&password=123456
[2017-01-17 00:04:08.367] [INFO] normal - POST /v1_0/score/issue/?managerPhone=1&customerPhone=2&score=1000
[2017-01-17 00:04:36.613] [INFO] normal - GET /v1_0/transaction/detail?txHash=0x989222eb2aaeeeba8540efe2c60298e7f507b1d4eb56b0e6e09990a820283269
[2017-01-17 00:07:50.130] [INFO] normal - POST /v1_0/user/manager/register/?phone=1&password=123456
[2017-01-17 00:07:57.539] [INFO] normal - POST /v1_0/user/customer/register/?phone=2&password=123456
[2017-01-17 00:08:03.998] [INFO] normal - POST /v1_0/score/issue/?managerPhone=1&customerPhone=2&score=1000
[2017-01-17 00:08:24.748] [INFO] normal - GET /v1_0/transaction/detail?txHash=0xd03dcb219e5867cc4221d673b7925bb22f62a45c5b489bb137f191973bc9d1f6
[2017-01-17 00:08:40.737] [INFO] normal - GET /v1_0/transaction/detail?txHash=0xd03dcb219e5867cc4221d673b7925bb22f62a45c5b489bb137f191973bc9d1f7
[2017-01-17 00:09:49.665] [INFO] normal - GET /v1_0/transaction/detail?txHash=0xd03dcb219e5867cc4221d673b7925bb22f62a45c5b489bb137f191973bc9d1f
[2017-01-17 00:10:03.120] [INFO] normal - GET /v1_0/transaction/detail?txHash=0xd03dcb219e5867cc4221d673b7925bb22f62a45c5b489bb137f191973bc9d1f6
[2017-01-17 00:10:10.061] [INFO] normal - GET /v1_0/transaction/detail?txHash=0xd03dcb219e5867cc4221d673b7925bb22f62a45c5b489bb137f191973bc9
[2017-01-17 00:36:04.555] [INFO] normal - POST /v1_0/user/manager/register/?phone=18710498511&password=123456
[2017-01-17 00:36:19.686] [INFO] normal - POST /v1_0/user/customer/register/?phone=18710498512&password=123456
[2017-01-17 00:36:43.882] [INFO] normal - POST /v1_0/score/issue/?managerPhone=18710498511&customerPhone=18710498512&score=1000
[2017-01-17 00:37:13.605] [INFO] normal - GET /v1_0/transaction/detail?txHash=0xc35e56643dbf7ee57ce2a2903b9a31b9ed2dc7273a4db2ede70c5ede2c0457d2
[2017-01-17 00:37:19.797] [INFO] normal - GET /v1_0/transaction/detail?txHash=0xc35e56643dbf7ee57ce2a2903b9a31b9ed2dc7273a4db2ede70c5ede2c0457d3
[2017-01-17 00:37:24.867] [INFO] normal - GET /v1_0/transaction/detail?txHash=0xc35e56643dbf7ee57ce2a2903b9a31b9ed2dc7273a4db2ede70c5ede2c0457
[2017-01-17 00:37:46.299] [ERROR] normal - POST /v1/user/merchant/register/?phone=18710498513&password=123456
[2017-01-17 00:38:02.996] [INFO] normal - POST /v1_0/user/merchant/register/?phone=18710498513&password=123456
[2017-01-17 00:38:30.834] [INFO] normal - POST /v1_0/score/transfer/?senderType=0&sender=18710498512&receiver=18710498513&score=400
[2017-01-17 00:38:47.502] [INFO] normal - GET /v1_0/transaction/detail?txHash=0xc08e598f7193b2f94b2bb49843b88873c7552b94714319ad7a7b2a62f7ad470c
[2017-01-17 00:38:53.559] [INFO] normal - GET /v1_0/transaction/detail?txHash=0xc08e598f7193b2f94b2bb49843b88873c7552b94714319ad7a7b2a62f7ad470
[2017-01-17 00:39:26.983] [INFO] normal - POST /v1_0/score/settle?phone=18710498513&score=100
[2017-01-17 00:39:51.499] [INFO] normal - GET /v1_0/transaction/detail?txHash=0x5b9dbf09dea125815be9b287e6c379d7abadcd3114470dc5afbefe167dace9f2
[2017-01-17 00:40:00.655] [INFO] normal - GET /v1_0/transaction/detail?txHash=0x5b9dbf09dea125815be9b287e6c379d7abadcd3114470dc5afbefe167dace9f
[2017-01-17 00:40:22.032] [INFO] normal - POST /v1_0/good/add?phone=18710498513&goodId=10001&goodName=cup&goodPrice=100
[2017-01-17 00:40:29.153] [INFO] normal - POST /v1_0/good/buy?phone=18710498512&goodId=10001
[2017-01-17 00:40:51.281] [INFO] normal - GET /v1_0/transaction/detail?txHash=0x1cbc2a12939a331987f2a0a7ac9586149896262e27ae557604ad347712577806
[2017-01-17 00:45:31.863] [INFO] normal - GET /v1_0/transaction/detail?txHash=0x1cbc2a12939a331987f2a0a7ac9586149896262e27ae557604ad347712577806
[2017-01-17 00:45:52.203] [INFO] normal - POST /v1_0/good/buy?phone=18710498512&goodId=10001
[2017-01-17 00:46:17.085] [INFO] normal - GET /v1_0/transaction/detail?txHash=0x543aab6a6a1683697040bdae42d7f1976ace14a5e90e1cf9ba1beb1f91667c5d
